<?xml version="1.0" encoding="UTF-8"?>
<testng-results ignored="0" total="2" passed="2" failed="0" skipped="0">
  <reporter-output>
  </reporter-output>
  <suite started-at="2023-08-31T17:05:23 IST" name="Suite" finished-at="2023-08-31T17:05:29 IST" duration-ms="5495">
    <groups>
    </groups>
    <test started-at="2023-08-31T17:05:23 IST" name="test-chrome" finished-at="2023-08-31T17:05:27 IST" duration-ms="3582">
      <class name="runner_script.Parallel_execution">
        <test-method signature="test1(java.lang.String)[pri:0, instance:runner_script.Parallel_execution@2bd2b28e]" started-at="2023-08-31T17:05:23 IST" name="test1" finished-at="2023-08-31T17:05:27 IST" duration-ms="3543" status="PASS">
          <params>
            <param index="0">
              <value>
                <![CDATA[chrome]]>
              </value>
            </param>
          </params>
          <reporter-output>
          </reporter-output>
        </test-method> <!-- test1 -->
      </class> <!-- runner_script.Parallel_execution -->
    </test> <!-- test-chrome -->
    <test started-at="2023-08-31T17:05:23 IST" name="test-firefox" finished-at="2023-08-31T17:05:29 IST" duration-ms="5495">
      <class name="runner_script.Parallel_execution">
        <test-method signature="test1(java.lang.String)[pri:0, instance:runner_script.Parallel_execution@625abb97]" started-at="2023-08-31T17:05:23 IST" name="test1" finished-at="2023-08-31T17:05:29 IST" duration-ms="5459" status="PASS">
          <params>
            <param index="0">
              <value>
                <![CDATA[firefox]]>
              </value>
            </param>
          </params>
          <reporter-output>
          </reporter-output>
        </test-method> <!-- test1 -->
      </class> <!-- runner_script.Parallel_execution -->
    </test> <!-- test-firefox -->
  </suite> <!-- Suite -->
</testng-results>
