<?xml version="1.0" encoding="UTF-8"?>
<!-- Generated by org.testng.reporters.JUnitXMLReporter -->
<testsuite ignored="0" hostname="LAPTOP-5IJEV2I7" failures="1" tests="3" name="Test" time="0.092" errors="0" timestamp="2023-08-30T16:55:35 IST">
  <testcase classname="listeners.Helloworld" name="test1" time="0.01"/>
  <testcase classname="listeners.Helloworld" name="test2" time="0.008">
    <failure type="java.lang.AssertionError" message="null">
      <![CDATA[java.lang.AssertionError: null
at listeners.Helloworld.test2(Helloworld.java:18)
at java.base/java.util.ArrayList.forEach(ArrayList.java:1511)
... Removed 29 stack frames]]>
    </failure>
  </testcase> <!-- test2 -->
  <testcase classname="listeners.Helloworld" name="test3" time="0.0">
    <skipped/>
  </testcase> <!-- test3 -->
</testsuite> <!-- Test -->
